<?xml version="1.0" encoding="UTF-8"?>
<!-- Generated by org.testng.reporters.JUnitReportReporter -->
<testsuite hostname="DESKTOP-NILQHDA" failures="0" tests="1" name="test.Test1" time="96.624" errors="0" timestamp="13 May 2021 03:57:04 GMT" skipped="0">
  <testcase classname="test.Test1" name="FunctionalTest" time="96.624"/>
</testsuite> <!-- test.Test1 -->
